<?xml version="1.0" encoding="UTF-8"?>
<testsuite name="MainTest" tests="4" skipped="0" failures="0" errors="0" timestamp="2022-02-02T21:39:54" hostname="MacBook-Pro-2" time="4.67">
  <properties/>
  <testcase name="using secret key abcdef()" classname="MainTest" time="0.381"/>
  <testcase name="using secret key pqrstuv()" classname="MainTest" time="0.414"/>
  <testcase name="part one()" classname="MainTest" time="0.105"/>
  <testcase name="part two()" classname="MainTest" time="3.768"/>
  <system-out><![CDATA[]]></system-out>
  <system-err><![CDATA[]]></system-err>
</testsuite>
