<?xml version="1.0" encoding="UTF-8"?>
<testsuite name="MainTest" tests="4" skipped="0" failures="0" errors="0" timestamp="2022-01-23T19:25:38" hostname="MacBook-Pro-2" time="0.698">
  <properties/>
  <testcase name="look and say all the samples()" classname="MainTest" time="0.031"/>
  <testcase name="part one()" classname="MainTest" time="0.065"/>
  <testcase name="part two()" classname="MainTest" time="0.598"/>
  <testcase name="part one using sample data()" classname="MainTest" time="0.001"/>
  <system-out><![CDATA[]]></system-out>
  <system-err><![CDATA[]]></system-err>
</testsuite>
