<?xml version="1.0" encoding="UTF-8"?>
<testsuite name="MainTest" tests="4" skipped="0" failures="0" errors="0" timestamp="2022-01-23T19:31:33" hostname="MacBook-Pro-2" time="0.684">
  <properties/>
  <testcase name="look and say all the samples()" classname="MainTest" time="0.027"/>
  <testcase name="part one()" classname="MainTest" time="0.062"/>
  <testcase name="part two()" classname="MainTest" time="0.592"/>
  <testcase name="part one using sample data()" classname="MainTest" time="0.001"/>
  <system-out><![CDATA[]]></system-out>
  <system-err><![CDATA[]]></system-err>
</testsuite>
