<?xml version="1.0" encoding="UTF-8"?>
<testsuite name="MainTest" tests="1" skipped="0" failures="0" errors="0" timestamp="2022-01-21T21:58:49" hostname="MacBook-Pro-2" time="0.116">
  <properties/>
  <testcase name="part two()" classname="MainTest" time="0.116"/>
  <system-out><![CDATA[]]></system-out>
  <system-err><![CDATA[]]></system-err>
</testsuite>
