<?xml version="1.0" encoding="UTF-8"?>
<testsuite name="MainTest" tests="9" skipped="0" failures="0" errors="0" timestamp="2022-01-24T21:31:08" hostname="MacBook-Pro-2" time="0.427">
  <properties/>
  <testcase name="string contains two different pairs()" classname="MainTest" time="0.037"/>
  <testcase name="incrememnting zz 2 times()" classname="MainTest" time="0.006"/>
  <testcase name="letter after a is b()" classname="MainTest" time="0.001"/>
  <testcase name="letter after z is a()" classname="MainTest" time="0.0"/>
  <testcase name="part one()" classname="MainTest" time="0.112"/>
  <testcase name="part two()" classname="MainTest" time="0.26"/>
  <testcase name="incrememnting xx 5 times()" classname="MainTest" time="0.0"/>
  <testcase name="string contains three ascending letters()" classname="MainTest" time="0.001"/>
  <testcase name="next password with sample data()" classname="MainTest" time="0.008"/>
  <system-out><![CDATA[]]></system-out>
  <system-err><![CDATA[]]></system-err>
</testsuite>
