<?xml version="1.0" encoding="UTF-8"?>
<testsuite name="MainTest" tests="1" skipped="0" failures="0" errors="0" timestamp="2022-02-04T22:13:08" hostname="MacBook-Pro-2" time="0.707">
  <properties/>
  <testcase name="part two using puzzle input()" classname="MainTest" time="0.707"/>
  <system-out><![CDATA[]]></system-out>
  <system-err><![CDATA[]]></system-err>
</testsuite>
