<?xml version="1.0" encoding="UTF-8"?>
<testsuite name="MainTest" tests="8" skipped="0" failures="0" errors="0" timestamp="2022-02-06T17:29:09" hostname="MacBook-Pro-2" time="0.159">
  <properties/>
  <testcase name="finding new molecules after 1 replacement of HOH()" classname="MainTest" time="0.025"/>
  <testcase name="inserting text into molecule to create a new molecule()" classname="MainTest" time="0.002"/>
  <testcase name="parseing sample data into replacements()" classname="MainTest" time="0.004"/>
  <testcase name="part two using sample data()" classname="MainTest" time="0.028"/>
  <testcase name="reversing a replacement()" classname="MainTest" time="0.001"/>
  <testcase name="part one using puzzle input()" classname="MainTest" time="0.005"/>
  <testcase name="part one using sample data()" classname="MainTest" time="0.0"/>
  <testcase name="part two using puzzle input()" classname="MainTest" time="0.09"/>
  <system-out><![CDATA[]]></system-out>
  <system-err><![CDATA[]]></system-err>
</testsuite>
